
Showing logs for build [32mcb-kubecd-environment-pr-187-14-k2w77-1[0m stage [32mfrom-build-pack[0m and container [32mstep-credential-initializer-ps2df[0m
{"level":"warn","ts":1585017657.6370945,"logger":"fallback-logger","caller":"logging/config.go:69","msg":"Fetch GitHub commit ID from kodata failed: \"ref: refs/heads/0.8.0-**-support-backwards-incompats\" is not a valid GitHub commit ID"}
{"level":"info","ts":1585017657.6377928,"logger":"fallback-logger","caller":"creds-init/main.go:40","msg":"Credentials initialized."}

Showing logs for build [32mcb-kubecd-environment-pr-187-14-k2w77-1[0m stage [32mfrom-build-pack[0m and container [32mstep-working-dir-initializer-2rkg6[0m
{"level":"warn","ts":1585017658.717876,"logger":"fallback-logger","caller":"logging/config.go:69","msg":"Fetch GitHub commit ID from kodata failed: open /var/run/ko/HEAD: no such file or directory"}
{"level":"info","ts":1585017658.7195604,"logger":"fallback-logger","caller":"bash/main.go:64","msg":"Successfully executed command \"sh -c mkdir -p /workspace/source\"; output "}

Showing logs for build [32mcb-kubecd-environment-pr-187-14-k2w77-1[0m stage [32mfrom-build-pack[0m and container [32mstep-place-tools[0m

Showing logs for build [32mcb-kubecd-environment-pr-187-14-k2w77-1[0m stage [32mfrom-build-pack[0m and container [32mstep-git-source-cb-kubecd-environment-pr-187-14-k2w77-4sf79[0m
{"level":"warn","ts":1585017686.7657487,"logger":"fallback-logger","caller":"logging/config.go:69","msg":"Fetch GitHub commit ID from kodata failed: \"ref: refs/heads/0.8.0-**-support-backwards-incompats\" is not a valid GitHub commit ID"}
{"level":"info","ts":1585017687.8499167,"logger":"fallback-logger","caller":"git/git.go:103","msg":"Successfully cloned https://github.com/cb-kubecd/environment-pr-187-145-boot-gke-production.git @ master in path /workspace/source"}

Showing logs for build [32mcb-kubecd-environment-pr-187-14-k2w77-1[0m stage [32mfrom-build-pack[0m and container [32mstep-git-merge[0m
Using SHAs from PULL_REFS=master:c0f2f76046ffeb9070a8fd2c99c74d0b58ef1a79,1:c0e69c40ef082f194b10408a8f39c3d25dc7cdcc
DEBUG: LC_ALL=C JX_LOG_LEVEL=error git fetch origin --unshallow c0e69c40ef082f194b10408a8f39c3d25dc7cdcc: c0f2f76046ffeb9070a8fd2c99c74d0b58ef1a79:
DEBUG: ran git fetch --unshallow origin c0e69c40ef082f194b10408a8f39c3d25dc7cdcc: c0f2f76046ffeb9070a8fd2c99c74d0b58ef1a79: in 
DEBUG: LC_ALL=C JX_LOG_LEVEL=error git branch
DEBUG: LC_ALL=C JX_LOG_LEVEL=error git checkout master
DEBUG: ran git checkout master in 
DEBUG: LC_ALL=C JX_LOG_LEVEL=error git reset --hard c0f2f76046ffeb9070a8fd2c99c74d0b58ef1a79
DEBUG: ran git reset --hard c0f2f76046ffeb9070a8fd2c99c74d0b58ef1a79 in 
DEBUG: LC_ALL=C JX_LOG_LEVEL=error git clean -fd .
DEBUG: ran clean --force -d . in 
DEBUG: LC_ALL=C JX_LOG_LEVEL=error git merge c0e69c40ef082f194b10408a8f39c3d25dc7cdcc
DEBUG: ran git merge c0e69c40ef082f194b10408a8f39c3d25dc7cdcc in 
DEBUG: LC_ALL=C JX_LOG_LEVEL=error git log --format=%H%x1f%an%x1f%ae%x1f%cn%x1f%ce%x1f%s%n%b%x1e c0f2f76046ffeb9070a8fd2c99c74d0b58ef1a79..HEAD
Merged SHA c0e69c40ef082f194b10408a8f39c3d25dc7cdcc with commit message 'chore: Promote bdd-spring-1585016687 to version 0.0.1' into base branch master

Showing logs for build [32mcb-kubecd-environment-pr-187-14-k2w77-1[0m stage [32mfrom-build-pack[0m and container [32mstep-build-helm-build[0m
WARNING: No $CHART_REPOSITORY defined so using the default value of: http://jenkins-x-chartmuseum:8080
Adding missing Helm repo: storage.googleapis.com https://storage.googleapis.com/chartmuseum.jenkins-x.io
WARNING: No secrets found on "helm/repos" due: reading the secret "helm/repos" from vault: no secret "helm/repos" not found in vault
Read credentials for https://storage.googleapis.com/chartmuseum.jenkins-x.io from vault helm/repos
Successfully added Helm repository storage.googleapis.com.
Adding missing Helm repo: jenkins-x-chartmuseum http://jenkins-x-chartmuseum:8080
WARNING: No secrets found on "helm/repos" due: reading the secret "helm/repos" from vault: no secret "helm/repos" not found in vault
Read credentials for http://jenkins-x-chartmuseum:8080 from vault helm/repos
Successfully added Helm repository jenkins-x-chartmuseum.
WARNING: No $CHART_REPOSITORY defined so using the default value of: http://jenkins-x-chartmuseum:8080
Adding missing Helm repo: chartmuseum.jenkins-x.io http://chartmuseum.jenkins-x.io
WARNING: No secrets found on "helm/repos" due: reading the secret "helm/repos" from vault: no secret "helm/repos" not found in vault
Read credentials for http://chartmuseum.jenkins-x.io from vault helm/repos
Successfully added Helm repository chartmuseum.jenkins-x.io.
